<?xml version="1.0" encoding="UTF-8"?>
<!-- Generated by org.testng.reporters.JUnitXMLReporter -->
<testsuite ignored="2" hostname="DESKTOP-R4ETFCJ" failures="0" tests="4" name="SmokeTest" time="53.529" errors="0" timestamp="2022-01-21T19:44:24 IST">
  <testcase classname="com.vtiger.comcast.contact.TestNgcontact" name="createcontact" time="15.971"/>
  <testcase classname="com.vtiger.comcast.contact.TestNgcontact" name="createcontact1" time="6.326"/>
  <testcase classname="com.vtiger.comcast.organizationtest.TestNgorganization" name="createorganization" time="6.591"/>
  <testcase classname="com.vtiger.comcast.organizationtest.TestNgorganization" name="createorganizationindustry" time="6.471"/>
  <testcase classname="com.vtiger.comcast.generiUtility.BaseAnnotationClass" name="@BeforeSuite configBS" time="0.0">
    <ignored/>
  </testcase> <!-- @BeforeSuite configBS -->
  <testcase classname="com.vtiger.comcast.generiUtility.BaseAnnotationClass" name="@AfterSuite config" time="0.0">
    <ignored/>
  </testcase> <!-- @AfterSuite config -->
</testsuite> <!-- SmokeTest -->
