<?xml version="1.0" encoding="UTF-8"?>
<!-- Generated by org.testng.reporters.JUnitXMLReporter -->
<testsuite ignored="2" hostname="DESKTOP-R4ETFCJ" failures="0" tests="4" name="Test" time="83.573" errors="0" timestamp="2022-02-01T11:09:49 IST">
  <testcase classname="com.vtiger.comcast.contact.TestNgcontactTest" name="createcontact" time="24.306"/>
  <testcase classname="com.vtiger.comcast.contact.TestNgcontactTest" name="createcontact1" time="10.665"/>
  <testcase classname="com.vtiger.comcast.organizationtest.TestNgorganizationTest" name="createorganization" time="11.023"/>
  <testcase classname="com.vtiger.comcast.organizationtest.TestNgorganizationTest" name="createorganizationindustry" time="10.883"/>
  <testcase classname="com.vtiger.comcast.generiUtility.BaseAnnotationClass" name="@BeforeSuite configBS" time="0.0">
    <ignored/>
  </testcase> <!-- @BeforeSuite configBS -->
  <testcase classname="com.vtiger.comcast.generiUtility.BaseAnnotationClass" name="@AfterSuite config" time="0.0">
    <ignored/>
  </testcase> <!-- @AfterSuite config -->
</testsuite> <!-- Test -->
