<?xml version="1.0" encoding="UTF-8"?>
<!-- Generated by org.testng.reporters.JUnitXMLReporter -->
<testsuite ignored="2" hostname="DESKTOP-R4ETFCJ" failures="2" tests="5" name="Test" time="76.403" errors="0" timestamp="2022-01-24T08:27:29 IST">
  <testcase classname="com.vtiger.comcast.contact.TestNgcontact" name="createcontact" time="23.802"/>
  <testcase classname="com.vtiger.comcast.contact.TestNgcontact" name="createcontact1" time="10.528"/>
  <testcase classname="com.vtiger.comcast.organizationtest.TestNgorganization" name="createorganization" time="11.094"/>
  <testcase classname="com.vtiger.comcast.organizationtest.TestNgorganization" name="createorganizationindustry" time="6.559">
    <failure type="java.lang.AssertionError" message="expected [b] but found [a]">
      <![CDATA[java.lang.AssertionError: expected [b] but found [a]
at com.vtiger.comcast.organizationtest.TestNgorganization.createorganizationindustry(TestNgorganization.java:62)
at java.base/java.util.ArrayList.forEach(ArrayList.java:1511)
... Removed 33 stack frames]]>
    </failure>
  </testcase> <!-- createorganizationindustry -->
  <testcase classname="com.vtiger.comcast.organizationtest.TestNgorganization" name="createorganizationindustry" time="9.801">
    <failure type="java.lang.NullPointerException" message="Cannot invoke &amp;quot;Object.getClass()&amp;quot; because &amp;quot;object&amp;quot; is null">
      <![CDATA[java.lang.NullPointerException: Cannot invoke "Object.getClass()" because "object" is null
at org.openqa.selenium.support.events.EventFiringWebDriver.extractInterfaces(EventFiringWebDriver.java:120)
at org.openqa.selenium.support.events.EventFiringWebDriver.<init>(EventFiringWebDriver.java:94)
at com.vtiger.comcast.generiUtility.ListImp.onTestFailure(ListImp.java:18)
at java.base/java.util.ArrayList.forEach(ArrayList.java:1511)
... Removed 24 stack frames]]>
    </failure>
  </testcase> <!-- createorganizationindustry -->
  <testcase classname="com.vtiger.comcast.generiUtility.BaseAnnotationClass" name="@BeforeSuite configBS" time="0.0">
    <ignored/>
  </testcase> <!-- @BeforeSuite configBS -->
  <testcase classname="com.vtiger.comcast.generiUtility.BaseAnnotationClass" name="@AfterSuite config" time="0.0">
    <ignored/>
  </testcase> <!-- @AfterSuite config -->
</testsuite> <!-- Test -->
